'16-08-2020 21:58:08 - innovations - INFO - alphanumeric key a pressed'
'16-08-2020 21:58:09 - innovations - INFO - on KeyListener ->updateDBValues-> self.alphabet: '
'16-08-2020 21:58:09 - innovations - INFO - {'d': 43, 'v': 17, 's': 57, 'g': 18, 'f': 35, 'h': 17, 'c': 23, 'e': 5, 'l': 1, '.': 3, 'x': 3, '\x03': 5, 'ç': 1, 'z': 17, '3': 1, '√': 1, 'clipboard': ['->updateDBValues->', 'values', 'ClipBoard', 'released', 'released', 'INFO', 'released', 'self.clipboardDict', 'ini'], 'n': 3, 'b': 3, 'cpu': ['68.0', '70.4', '71.6', '71.8', '67.2', '66.8', '68.0'], 'j': 5, 'w': 1, 'a': 12, 'r': 5, 't': 8, ',': 1, '\x1a': 1, '+': 1, '6': 1, '/': 3}'
'16-08-2020 21:58:09 - innovations - INFO - 'a' released'
'16-08-2020 21:58:09 - innovations - INFO - alphanumeric key s pressed'
'16-08-2020 21:58:09 - innovations - INFO - on KeyListener ->updateDBValues-> self.alphabet: '
'16-08-2020 21:58:09 - innovations - INFO - {'d': 43, 'v': 17, 's': 58, 'g': 18, 'f': 35, 'h': 17, 'c': 23, 'e': 5, 'l': 1, '.': 3, 'x': 3, '\x03': 5, 'ç': 1, 'z': 17, '3': 1, '√': 1, 'clipboard': ['->updateDBValues->', 'values', 'ClipBoard', 'released', 'released', 'INFO', 'released', 'self.clipboardDict', 'ini'], 'n': 3, 'b': 3, 'cpu': ['68.0', '70.4', '71.6', '71.8', '67.2', '66.8', '68.0'], 'j': 5, 'w': 1, 'a': 12, 'r': 5, 't': 8, ',': 1, '\x1a': 1, '+': 1, '6': 1, '/': 3}'
'16-08-2020 21:58:10 - innovations - INFO - 's' released'
'16-08-2020 21:58:10 - innovations - INFO - alphanumeric key d pressed'
'16-08-2020 21:58:10 - innovations - INFO - on KeyListener ->updateDBValues-> self.alphabet: '
'16-08-2020 21:58:10 - innovations - INFO - {'d': 44, 'v': 17, 's': 58, 'g': 18, 'f': 35, 'h': 17, 'c': 23, 'e': 5, 'l': 1, '.': 3, 'x': 3, '\x03': 5, 'ç': 1, 'z': 17, '3': 1, '√': 1, 'clipboard': ['->updateDBValues->', 'values', 'ClipBoard', 'released', 'released', 'INFO', 'released', 'self.clipboardDict', 'ini'], 'n': 3, 'b': 3, 'cpu': ['68.0', '70.4', '71.6', '71.8', '67.2', '66.8', '68.0'], 'j': 5, 'w': 1, 'a': 12, 'r': 5, 't': 8, ',': 1, '\x1a': 1, '+': 1, '6': 1, '/': 3}'
'16-08-2020 21:58:10 - innovations - INFO - 'd' released'
'16-08-2020 21:58:10 - innovations - INFO - alphanumeric key f pressed'
'16-08-2020 21:58:10 - innovations - INFO - on KeyListener ->updateDBValues-> self.alphabet: '
'16-08-2020 21:58:10 - innovations - INFO - {'d': 44, 'v': 17, 's': 58, 'g': 18, 'f': 36, 'h': 17, 'c': 23, 'e': 5, 'l': 1, '.': 3, 'x': 3, '\x03': 5, 'ç': 1, 'z': 17, '3': 1, '√': 1, 'clipboard': ['->updateDBValues->', 'values', 'ClipBoard', 'released', 'released', 'INFO', 'released', 'self.clipboardDict', 'ini'], 'n': 3, 'b': 3, 'cpu': ['68.0', '70.4', '71.6', '71.8', '67.2', '66.8', '68.0'], 'j': 5, 'w': 1, 'a': 12, 'r': 5, 't': 8, ',': 1, '\x1a': 1, '+': 1, '6': 1, '/': 3}'
'16-08-2020 21:58:11 - innovations - INFO - 'f' released'
'16-08-2020 21:58:11 - innovations - INFO - alphanumeric key g pressed'
'16-08-2020 21:58:11 - innovations - INFO - on KeyListener ->updateDBValues-> self.alphabet: '
'16-08-2020 21:58:11 - innovations - INFO - {'d': 44, 'v': 17, 's': 58, 'g': 19, 'f': 36, 'h': 17, 'c': 23, 'e': 5, 'l': 1, '.': 3, 'x': 3, '\x03': 5, 'ç': 1, 'z': 17, '3': 1, '√': 1, 'clipboard': ['->updateDBValues->', 'values', 'ClipBoard', 'released', 'released', 'INFO', 'released', 'self.clipboardDict', 'ini'], 'n': 3, 'b': 3, 'cpu': ['68.0', '70.4', '71.6', '71.8', '67.2', '66.8', '68.0'], 'j': 5, 'w': 1, 'a': 12, 'r': 5, 't': 8, ',': 1, '\x1a': 1, '+': 1, '6': 1, '/': 3}'
'16-08-2020 21:58:11 - innovations - INFO - 'g' released'
'16-08-2020 21:58:11 - innovations - INFO - alphanumeric key h pressed'
'16-08-2020 21:58:11 - innovations - INFO - on KeyListener ->updateDBValues-> self.alphabet: '
'16-08-2020 21:58:11 - innovations - INFO - {'d': 44, 'v': 17, 's': 58, 'g': 19, 'f': 36, 'h': 18, 'c': 23, 'e': 5, 'l': 1, '.': 3, 'x': 3, '\x03': 5, 'ç': 1, 'z': 17, '3': 1, '√': 1, 'clipboard': ['->updateDBValues->', 'values', 'ClipBoard', 'released', 'released', 'INFO', 'released', 'self.clipboardDict', 'ini'], 'n': 3, 'b': 3, 'cpu': ['68.0', '70.4', '71.6', '71.8', '67.2', '66.8', '68.0'], 'j': 5, 'w': 1, 'a': 12, 'r': 5, 't': 8, ',': 1, '\x1a': 1, '+': 1, '6': 1, '/': 3}'
'16-08-2020 21:58:11 - innovations - INFO - 'h' released'
'16-08-2020 21:58:11 - innovations - INFO - alphanumeric key j pressed'
'16-08-2020 21:58:11 - innovations - INFO - on KeyListener ->updateDBValues-> self.alphabet: '
'16-08-2020 21:58:11 - innovations - INFO - {'d': 44, 'v': 17, 's': 58, 'g': 19, 'f': 36, 'h': 18, 'c': 23, 'e': 5, 'l': 1, '.': 3, 'x': 3, '\x03': 5, 'ç': 1, 'z': 17, '3': 1, '√': 1, 'clipboard': ['->updateDBValues->', 'values', 'ClipBoard', 'released', 'released', 'INFO', 'released', 'self.clipboardDict', 'ini'], 'n': 3, 'b': 3, 'cpu': ['68.0', '70.4', '71.6', '71.8', '67.2', '66.8', '68.0'], 'j': 6, 'w': 1, 'a': 12, 'r': 5, 't': 8, ',': 1, '\x1a': 1, '+': 1, '6': 1, '/': 3}'
'16-08-2020 21:58:12 - innovations - INFO - 'j' released'
'16-08-2020 21:58:12 - innovations - INFO - alphanumeric key k pressed'
'16-08-2020 21:58:12 - innovations - INFO - on KeyListener ->updateDBValues-> self.alphabet: '
'16-08-2020 21:58:12 - innovations - INFO - {'d': 44, 'v': 17, 's': 58, 'g': 19, 'f': 36, 'h': 18, 'c': 23, 'e': 5, 'l': 1, '.': 3, 'x': 3, '\x03': 5, 'ç': 1, 'z': 17, '3': 1, '√': 1, 'clipboard': ['->updateDBValues->', 'values', 'ClipBoard', 'released', 'released', 'INFO', 'released', 'self.clipboardDict', 'ini'], 'n': 3, 'b': 3, 'cpu': ['68.0', '70.4', '71.6', '71.8', '67.2', '66.8', '68.0'], 'j': 6, 'w': 1, 'a': 12, 'r': 5, 't': 8, ',': 1, '\x1a': 1, '+': 1, '6': 1, '/': 3, 'k': 1}'
'16-08-2020 21:58:12 - innovations - INFO - 'k' released'
'16-08-2020 21:58:12 - innovations - INFO - alphanumeric key l pressed'
'16-08-2020 21:58:12 - innovations - INFO - on KeyListener ->updateDBValues-> self.alphabet: '
'16-08-2020 21:58:12 - innovations - INFO - {'d': 44, 'v': 17, 's': 58, 'g': 19, 'f': 36, 'h': 18, 'c': 23, 'e': 5, 'l': 2, '.': 3, 'x': 3, '\x03': 5, 'ç': 1, 'z': 17, '3': 1, '√': 1, 'clipboard': ['->updateDBValues->', 'values', 'ClipBoard', 'released', 'released', 'INFO', 'released', 'self.clipboardDict', 'ini'], 'n': 3, 'b': 3, 'cpu': ['68.0', '70.4', '71.6', '71.8', '67.2', '66.8', '68.0'], 'j': 6, 'w': 1, 'a': 12, 'r': 5, 't': 8, ',': 1, '\x1a': 1, '+': 1, '6': 1, '/': 3, 'k': 1}'
'16-08-2020 21:58:12 - innovations - INFO - 'l' released'
'16-08-2020 21:58:23 - innovations - ERROR - special key Key.shift pressed'
'16-08-2020 21:58:23 - innovations - ERROR - special key Key.f5 pressed'
